<?xml version="1.0" encoding="utf-8"?><testsuites name="pytest tests"><testsuite name="pytest" errors="0" failures="0" skipped="1" tests="27" time="15.896" timestamp="2026-07-19T02:59:39.970768+00:00" hostname="agent-env-c641ddae-2ee0-4a6a-baba-a77b412cb102"><testcase classname="tests.test_cart_relay_ws.TestCartRelay" name="test_cart_update_relayed_and_not_echoed" time="3.361" /><testcase classname="tests.test_cart_relay_ws.TestCartRelay" name="test_cart_clear_relayed" time="0.445" /><testcase classname="tests.test_cart_relay_ws.TestCartRelay" name="test_cart_update_tenancy_isolated" time="3.728" /><testcase classname="tests.test_realtime_ws.TestWebSocketAuth" name="test_connect_without_token" time="0.173" /><testcase classname="tests.test_realtime_ws.TestWebSocketAuth" name="test_connect_with_invalid_token" time="0.144" /><testcase classname="tests.test_realtime_ws.TestWebSocketConnect" name="test_connect_presence_and_ping" time="0.657" /><testcase classname="tests.test_realtime_ws.TestOrderBroadcast" name="test_order_created_event_with_full_payload" time="0.310" /><testcase classname="tests.test_realtime_ws.TestProductBroadcast" name="test_product_crud_broadcasts" time="0.567" /><testcase classname="tests.test_realtime_ws.TestCashierBroadcast" name="test_cashier_crud_broadcasts" time="0.538" /><testcase classname="tests.test_realtime_ws.TestTenancyIsolation" name="test_event_does_not_leak_to_other_restaurant" time="3.780" /><testcase classname="tests.test_realtime_ws.TestCashRegisterCloseBroadcast" name="test_cash_register_close_broadcasts" time="0.317"><skipped type="pytest.skip" message="open cash register not available: 404">/app/backend/tests/test_realtime_ws.py:274: open cash register not available: 404</skipped></testcase><testcase classname="tests.test_tips_feature.TestBusinessTip" name="test_business_has_default_tip_field" time="0.419" /><testcase classname="tests.test_tips_feature.TestBusinessTip" name="test_update_business_default_tip" time="0.127" /><testcase classname="tests.test_tips_feature.TestCashierTip" name="test_create_cashier_with_tip" time="0.103" /><testcase classname="tests.test_tips_feature.TestCashierTip" name="test_update_cashier_tip" time="0.311" /><testcase classname="tests.test_tips_feature.TestCashierTip" name="test_cleanup_cashier" time="0.049" /><testcase classname="tests.test_tips_feature.TestOrderTipAndStats" name="test_create_order_with_tip" time="0.048" /><testcase classname="tests.test_tips_feature.TestOrderTipAndStats" name="test_get_orders_returns_tip" time="0.049" /><testcase classname="tests.test_tips_feature.TestOrderTipAndStats" name="test_stats_daily_includes_total_tips" time="0.058" /><testcase classname="tests.test_tips_feature.TestOrderTipAndStats" name="test_stats_cashier_tips_ranking" time="0.051" /><testcase classname="tests.test_tips_feature.TestOrderTipAndStats" name="test_legacy_order_without_tip" time="0.053" /><testcase classname="tests.test_tips_feature.TestOrderTipAndStats" name="test_legacy_order_without_subtotal_auto_derived" time="0.060" /><testcase classname="tests.test_tips_feature.TestOrderTipAndStats" name="test_order_with_subtotal_preserved_verbatim" time="0.055" /><testcase classname="tests.test_tips_feature.TestOrderTipAndStats" name="test_cleanup_orders" time="0.000" /><testcase classname="tests.test_tips_feature.TestRegression" name="test_products" time="0.091" /><testcase classname="tests.test_tips_feature.TestRegression" name="test_cashiers_list" time="0.049" /><testcase classname="tests.test_tips_feature.TestRegression" name="test_restaurant_login_still_works" time="0.269" /></testsuite></testsuites>