<?xml version="1.0" encoding="utf-8"?><testsuites name="pytest tests"><testsuite name="pytest" errors="0" failures="0" skipped="0" tests="11" time="8.924" timestamp="2026-07-19T03:32:32.622908+00:00" hostname="agent-env-c641ddae-2ee0-4a6a-baba-a77b412cb102"><testcase classname="backend.tests.test_tables_feature.TestTablesCRUD" name="test_create_table_and_list_sorted" time="1.462" /><testcase classname="backend.tests.test_tables_feature.TestTablesCRUD" name="test_create_duplicate_number_returns_400" time="0.547" /><testcase classname="backend.tests.test_tables_feature.TestTablesCRUD" name="test_update_table" time="0.629" /><testcase classname="backend.tests.test_tables_feature.TestTablesCRUD" name="test_delete_respects_status" time="0.624" /><testcase classname="backend.tests.test_tables_feature.TestTableStateMachine" name="test_open_sets_occupied_and_waiter" time="0.645" /><testcase classname="backend.tests.test_tables_feature.TestTableStateMachine" name="test_close_resets_fields" time="0.702" /><testcase classname="backend.tests.test_tables_feature.TestTableStateMachine" name="test_reserve_and_unreserve" time="0.816" /><testcase classname="backend.tests.test_tables_feature.TestTableStateMachine" name="test_bill_endpoint" time="0.698" /><testcase classname="backend.tests.test_tables_feature.TestOrderTableBinding" name="test_order_with_table_id_marks_table_billed" time="0.720" /><testcase classname="backend.tests.test_tables_feature.TestOrderTableBinding" name="test_tenancy_isolation_a_cannot_touch_b" time="1.194" /><testcase classname="backend.tests.test_tables_feature" name="test_ws_emits_table_billed_on_order_creation" time="0.822" /></testsuite></testsuites>