<?xml version="1.0" encoding="utf-8"?><testsuites name="pytest tests"><testsuite name="pytest" errors="0" failures="0" skipped="0" tests="8" time="3.548" timestamp="2026-07-19T03:14:35.098886+00:00" hostname="agent-env-c641ddae-2ee0-4a6a-baba-a77b412cb102"><testcase classname="backend.tests.test_kds_feature.TestOrderKdsDefault" name="test_order_created_has_kds_status_new" time="0.732" /><testcase classname="backend.tests.test_kds_feature.TestOrderKdsDefault" name="test_post_orders_does_not_require_kds_status" time="0.108" /><testcase classname="backend.tests.test_kds_feature.TestKdsBoard" name="test_board_excludes_completed_and_sorts_asc" time="0.453" /><testcase classname="backend.tests.test_kds_feature.TestKdsStatusUpdate" name="test_update_valid_status" time="0.786" /><testcase classname="backend.tests.test_kds_feature.TestKdsStatusUpdate" name="test_update_invalid_status_returns_400" time="0.199" /><testcase classname="backend.tests.test_kds_feature.TestKdsStatusUpdate" name="test_update_missing_order_returns_404" time="0.095" /><testcase classname="backend.tests.test_kds_feature.TestKdsRealtimeBroadcast" name="test_ws_emits_order_kds_status" time="0.422" /><testcase classname="backend.tests.test_kds_feature.TestKdsTenancy" name="test_other_tenant_cannot_see_or_update" time="0.694" /></testsuite></testsuites>