<?xml version="1.0" encoding="utf-8"?><testsuites name="pytest tests"><testsuite name="pytest" errors="0" failures="0" skipped="0" tests="4" time="3.223" timestamp="2026-08-27T00:27:40.788033+00:00" hostname="agent-env-c641ddae-2ee0-4a6a-baba-a77b412cb102"><testcase classname="backend.tests.test_customer_display_change.TestLiveChangeRelay" name="test_cart_update_carries_amount_received_and_change" time="1.256" /><testcase classname="backend.tests.test_customer_display_change.TestOrderCreatePersistsChange" name="test_create_cash_order_returns_change_fields" time="0.680" /><testcase classname="backend.tests.test_customer_display_change.TestOrderCreatePersistsChange" name="test_card_order_change_is_null_or_zero" time="0.435" /><testcase classname="backend.tests.test_customer_display_change.TestOrderCreatedWSBroadcast" name="test_order_created_ws_includes_change" time="0.795" /></testsuite></testsuites>