<?xml version="1.0" encoding="utf-8"?><testsuites name="pytest tests"><testsuite name="pytest" errors="0" failures="1" skipped="0" tests="35" time="28.268" timestamp="2026-07-19T03:32:46.411545+00:00" hostname="agent-env-c641ddae-2ee0-4a6a-baba-a77b412cb102"><testcase classname="backend.tests.test_kds_feature.TestOrderKdsDefault" name="test_order_created_has_kds_status_new" time="0.563" /><testcase classname="backend.tests.test_kds_feature.TestOrderKdsDefault" name="test_post_orders_does_not_require_kds_status" time="0.099" /><testcase classname="backend.tests.test_kds_feature.TestKdsBoard" name="test_board_excludes_completed_and_sorts_asc" time="0.404" /><testcase classname="backend.tests.test_kds_feature.TestKdsStatusUpdate" name="test_update_valid_status" time="0.762" /><testcase classname="backend.tests.test_kds_feature.TestKdsStatusUpdate" name="test_update_invalid_status_returns_400" time="0.199" /><testcase classname="backend.tests.test_kds_feature.TestKdsStatusUpdate" name="test_update_missing_order_returns_404" time="0.100" /><testcase classname="backend.tests.test_kds_feature.TestKdsRealtimeBroadcast" name="test_ws_emits_order_kds_status" time="0.379" /><testcase classname="backend.tests.test_kds_feature.TestKdsTenancy" name="test_other_tenant_cannot_see_or_update" time="0.639" /><testcase classname="backend.tests.test_realtime_ws.TestWebSocketAuth" name="test_connect_without_token" time="0.141" /><testcase classname="backend.tests.test_realtime_ws.TestWebSocketAuth" name="test_connect_with_invalid_token" time="0.139" /><testcase classname="backend.tests.test_realtime_ws.TestWebSocketConnect" name="test_connect_presence_and_ping" time="0.541" /><testcase classname="backend.tests.test_realtime_ws.TestOrderBroadcast" name="test_order_created_event_with_full_payload" time="0.288" /><testcase classname="backend.tests.test_realtime_ws.TestProductBroadcast" name="test_product_crud_broadcasts" time="0.485" /><testcase classname="backend.tests.test_realtime_ws.TestCashierBroadcast" name="test_cashier_crud_broadcasts" time="0.507" /><testcase classname="backend.tests.test_realtime_ws.TestTenancyIsolation" name="test_event_does_not_leak_to_other_restaurant" time="3.773" /><testcase classname="backend.tests.test_realtime_ws.TestCashRegisterCloseBroadcast" name="test_cash_register_close_broadcasts" time="10.006"><failure message="TimeoutError: timed out during opening handshake">E   asyncio.exceptions.CancelledError

The above exception was the direct cause of the following exception:
E   TimeoutError

The above exception was the direct cause of the following exception:
E   TimeoutError: timed out during opening handshake</failure></testcase><testcase classname="backend.tests.test_tips_feature.TestBusinessTip" name="test_business_has_default_tip_field" time="0.447" /><testcase classname="backend.tests.test_tips_feature.TestBusinessTip" name="test_update_business_default_tip" time="0.124" /><testcase classname="backend.tests.test_tips_feature.TestCashierTip" name="test_create_cashier_with_tip" time="0.129" /><testcase classname="backend.tests.test_tips_feature.TestCashierTip" name="test_update_cashier_tip" time="0.301" /><testcase classname="backend.tests.test_tips_feature.TestCashierTip" name="test_cleanup_cashier" time="0.052" /><testcase classname="backend.tests.test_tips_feature.TestOrderTipAndStats" name="test_create_order_with_tip" time="0.049" /><testcase classname="backend.tests.test_tips_feature.TestOrderTipAndStats" name="test_get_orders_returns_tip" time="0.055" /><testcase classname="backend.tests.test_tips_feature.TestOrderTipAndStats" name="test_stats_daily_includes_total_tips" time="0.057" /><testcase classname="backend.tests.test_tips_feature.TestOrderTipAndStats" name="test_stats_cashier_tips_ranking" time="0.053" /><testcase classname="backend.tests.test_tips_feature.TestOrderTipAndStats" name="test_legacy_order_without_tip" time="0.053" /><testcase classname="backend.tests.test_tips_feature.TestOrderTipAndStats" name="test_legacy_order_without_subtotal_auto_derived" time="0.059" /><testcase classname="backend.tests.test_tips_feature.TestOrderTipAndStats" name="test_order_with_subtotal_preserved_verbatim" time="0.057" /><testcase classname="backend.tests.test_tips_feature.TestOrderTipAndStats" name="test_cleanup_orders" time="0.000" /><testcase classname="backend.tests.test_tips_feature.TestRegression" name="test_products" time="0.108" /><testcase classname="backend.tests.test_tips_feature.TestRegression" name="test_cashiers_list" time="0.051" /><testcase classname="backend.tests.test_tips_feature.TestRegression" name="test_restaurant_login_still_works" time="0.271" /><testcase classname="backend.tests.test_cart_relay_ws.TestCartRelay" name="test_cart_update_relayed_and_not_echoed" time="3.201" /><testcase classname="backend.tests.test_cart_relay_ws.TestCartRelay" name="test_cart_clear_relayed" time="0.402" /><testcase classname="backend.tests.test_cart_relay_ws.TestCartRelay" name="test_cart_update_tenancy_isolated" time="3.680" /></testsuite></testsuites>