<?xml version="1.0" encoding="utf-8"?><testsuites name="pytest tests"><testsuite name="pytest" errors="0" failures="1" skipped="0" tests="23" time="4.794" timestamp="2026-04-26T16:56:35.171677+00:00" hostname="agent-env-c641ddae-2ee0-4a6a-baba-a77b412cb102"><testcase classname="backend.tests.backend_test" name="test_root" time="0.274" /><testcase classname="backend.tests.backend_test.TestAuth" name="test_register_new_restaurant" time="0.316"><failure message="AssertionError: assert 'test_ccf8d3b3@test.com' == 'TEST_ccf8d3b3@test.com'&#10;  &#10;  - TEST_ccf8d3b3@test.com&#10;  ? ^^^^&#10;  + test_ccf8d3b3@test.com&#10;  ? ^^^^">backend/tests/backend_test.py:55: in test_register_new_restaurant
    assert data["email"] == email
E   AssertionError: assert 'test_ccf8d3b3@test.com' == 'TEST_ccf8d3b3@test.com'
E     
E     - TEST_ccf8d3b3@test.com
E     ? ^^^^
E     + test_ccf8d3b3@test.com
E     ? ^^^^</failure></testcase><testcase classname="backend.tests.backend_test.TestAuth" name="test_register_duplicate_fails" time="0.054" /><testcase classname="backend.tests.backend_test.TestAuth" name="test_login_demo" time="0.273" /><testcase classname="backend.tests.backend_test.TestAuth" name="test_login_invalid" time="0.278" /><testcase classname="backend.tests.backend_test.TestAuth" name="test_me" time="0.344" /><testcase classname="backend.tests.backend_test.TestAuth" name="test_me_no_token" time="0.053" /><testcase classname="backend.tests.backend_test.TestAuth" name="test_forgot_password" time="0.218" /><testcase classname="backend.tests.backend_test.TestAuth" name="test_forgot_password_unknown" time="0.054" /><testcase classname="backend.tests.backend_test.TestAuth" name="test_reset_password_invalid_token" time="0.051" /><testcase classname="backend.tests.backend_test.TestBusiness" name="test_get_business" time="0.073" /><testcase classname="backend.tests.backend_test.TestBusiness" name="test_update_business" time="0.112" /><testcase classname="backend.tests.backend_test.TestProducts" name="test_product_crud" time="0.378" /><testcase classname="backend.tests.backend_test.TestProducts" name="test_products_unauthorized" time="0.053" /><testcase classname="backend.tests.backend_test.TestOrders" name="test_create_order_and_list" time="0.226" /><testcase classname="backend.tests.backend_test.TestStats" name="test_daily" time="0.061" /><testcase classname="backend.tests.backend_test.TestStats" name="test_range" time="0.052" /><testcase classname="backend.tests.backend_test.TestStats" name="test_top_products" time="0.057" /><testcase classname="backend.tests.backend_test.TestCashiers" name="test_cashier_crud_and_login" time="0.841" /><testcase classname="backend.tests.backend_test.TestCashRegister" name="test_close_and_get" time="0.248" /><testcase classname="backend.tests.backend_test.TestCashRegister" name="test_close_get_no_close" time="0.071" /><testcase classname="backend.tests.backend_test.TestMultiTenantIsolation" name="test_products_scoped_to_tenant" time="0.527" /><testcase classname="backend.tests.backend_test" name="test_manifest_accessible" time="0.067" /></testsuite></testsuites>