<?xml version="1.0" encoding="utf-8"?><testsuites name="pytest tests"><testsuite name="pytest" errors="0" failures="0" skipped="0" tests="26" time="4.771" timestamp="2026-05-02T00:46:49.030093+00:00" hostname="agent-env-c641ddae-2ee0-4a6a-baba-a77b412cb102"><testcase classname="backend.tests.backend_test" name="test_root" time="0.252" /><testcase classname="backend.tests.backend_test.TestAuth" name="test_register_new_restaurant" time="0.309" /><testcase classname="backend.tests.backend_test.TestAuth" name="test_register_duplicate_fails" time="0.052" /><testcase classname="backend.tests.backend_test.TestAuth" name="test_login_demo" time="0.278" /><testcase classname="backend.tests.backend_test.TestAuth" name="test_login_invalid" time="0.273" /><testcase classname="backend.tests.backend_test.TestAuth" name="test_me" time="0.324" /><testcase classname="backend.tests.backend_test.TestAuth" name="test_me_no_token" time="0.045" /><testcase classname="backend.tests.backend_test.TestAuth" name="test_forgot_password" time="0.301" /><testcase classname="backend.tests.backend_test.TestAuth" name="test_forgot_password_unknown" time="0.051" /><testcase classname="backend.tests.backend_test.TestAuth" name="test_reset_password_invalid_token" time="0.050" /><testcase classname="backend.tests.backend_test.TestBusiness" name="test_get_business" time="0.050" /><testcase classname="backend.tests.backend_test.TestBusiness" name="test_update_business" time="0.100" /><testcase classname="backend.tests.backend_test.TestBusiness" name="test_business_has_qr_fields" time="0.052" /><testcase classname="backend.tests.backend_test.TestBusiness" name="test_update_qr_persists" time="0.105" /><testcase classname="backend.tests.backend_test.TestBusiness" name="test_update_qr_clear" time="0.054" /><testcase classname="backend.tests.backend_test.TestProducts" name="test_product_crud" time="0.382" /><testcase classname="backend.tests.backend_test.TestProducts" name="test_products_unauthorized" time="0.048" /><testcase classname="backend.tests.backend_test.TestOrders" name="test_create_order_and_list" time="0.211" /><testcase classname="backend.tests.backend_test.TestStats" name="test_daily" time="0.049" /><testcase classname="backend.tests.backend_test.TestStats" name="test_range" time="0.053" /><testcase classname="backend.tests.backend_test.TestStats" name="test_top_products" time="0.047" /><testcase classname="backend.tests.backend_test.TestCashiers" name="test_cashier_crud_and_login" time="0.807" /><testcase classname="backend.tests.backend_test.TestCashRegister" name="test_close_and_get" time="0.203" /><testcase classname="backend.tests.backend_test.TestCashRegister" name="test_close_get_no_close" time="0.047" /><testcase classname="backend.tests.backend_test.TestMultiTenantIsolation" name="test_products_scoped_to_tenant" time="0.466" /><testcase classname="backend.tests.backend_test" name="test_manifest_accessible" time="0.058" /></testsuite></testsuites>