<?xml version="1.0" encoding="utf-8"?><testsuites name="pytest tests"><testsuite name="pytest" errors="0" failures="0" skipped="1" tests="8" time="6.499" timestamp="2026-06-28T01:51:33.535002+00:00" hostname="agent-env-c641ddae-2ee0-4a6a-baba-a77b412cb102"><testcase classname="backend.tests.test_realtime_ws.TestWebSocketAuth" name="test_connect_without_token" time="0.227" /><testcase classname="backend.tests.test_realtime_ws.TestWebSocketAuth" name="test_connect_with_invalid_token" time="0.177" /><testcase classname="backend.tests.test_realtime_ws.TestWebSocketConnect" name="test_connect_presence_and_ping" time="0.573" /><testcase classname="backend.tests.test_realtime_ws.TestOrderBroadcast" name="test_order_created_event_with_full_payload" time="0.280" /><testcase classname="backend.tests.test_realtime_ws.TestProductBroadcast" name="test_product_crud_broadcasts" time="0.535" /><testcase classname="backend.tests.test_realtime_ws.TestCashierBroadcast" name="test_cashier_crud_broadcasts" time="0.511" /><testcase classname="backend.tests.test_realtime_ws.TestTenancyIsolation" name="test_event_does_not_leak_to_other_restaurant" time="3.792" /><testcase classname="backend.tests.test_realtime_ws.TestCashRegisterCloseBroadcast" name="test_cash_register_close_broadcasts" time="0.320"><skipped type="pytest.skip" message="open cash register not available: 404">/app/backend/tests/test_realtime_ws.py:274: open cash register not available: 404</skipped></testcase></testsuite></testsuites>