<?xml version="1.0" encoding="utf-8"?><testsuites name="pytest tests"><testsuite name="pytest" errors="0" failures="0" skipped="0" tests="16" time="1.893" timestamp="2026-06-28T00:58:27.251693+00:00" hostname="agent-env-c641ddae-2ee0-4a6a-baba-a77b412cb102"><testcase classname="backend.tests.test_tips_feature.TestBusinessTip" name="test_business_has_default_tip_field" time="0.539" /><testcase classname="backend.tests.test_tips_feature.TestBusinessTip" name="test_update_business_default_tip" time="0.097" /><testcase classname="backend.tests.test_tips_feature.TestCashierTip" name="test_create_cashier_with_tip" time="0.089" /><testcase classname="backend.tests.test_tips_feature.TestCashierTip" name="test_update_cashier_tip" time="0.316" /><testcase classname="backend.tests.test_tips_feature.TestCashierTip" name="test_cleanup_cashier" time="0.047" /><testcase classname="backend.tests.test_tips_feature.TestOrderTipAndStats" name="test_create_order_with_tip" time="0.054" /><testcase classname="backend.tests.test_tips_feature.TestOrderTipAndStats" name="test_get_orders_returns_tip" time="0.042" /><testcase classname="backend.tests.test_tips_feature.TestOrderTipAndStats" name="test_stats_daily_includes_total_tips" time="0.045" /><testcase classname="backend.tests.test_tips_feature.TestOrderTipAndStats" name="test_stats_cashier_tips_ranking" time="0.046" /><testcase classname="backend.tests.test_tips_feature.TestOrderTipAndStats" name="test_legacy_order_without_tip" time="0.048" /><testcase classname="backend.tests.test_tips_feature.TestOrderTipAndStats" name="test_legacy_order_without_subtotal_auto_derived" time="0.042" /><testcase classname="backend.tests.test_tips_feature.TestOrderTipAndStats" name="test_order_with_subtotal_preserved_verbatim" time="0.052" /><testcase classname="backend.tests.test_tips_feature.TestOrderTipAndStats" name="test_cleanup_orders" time="0.000" /><testcase classname="backend.tests.test_tips_feature.TestRegression" name="test_products" time="0.084" /><testcase classname="backend.tests.test_tips_feature.TestRegression" name="test_cashiers_list" time="0.044" /><testcase classname="backend.tests.test_tips_feature.TestRegression" name="test_restaurant_login_still_works" time="0.265" /></testsuite></testsuites>